19:08:08 77.5
19:08:09 78.1
19:08:10 79.9
19:08:11 79.6
19:08:12 80.9
19:08:13 82.1
19:08:14 81.2
19:08:15 80.8
19:08:16 81.4
19:08:17 80.5
19:08:18 80.6
19:08:19 80.9
19:08:20 80.3
19:08:21 79.9
19:08:22 80.0
19:08:23 80.3
19:08:24 80.0
19:08:25 80.3
19:08:26 80.0
19:08:27 80.2
19:08:28 79.6
19:08:29 79.7
19:08:30 79.6
19:08:31 80.9
19:08:32 80.5
19:08:33 80.5
19:08:34 81.1
19:08:35 80.9
19:08:36 80.2
19:08:37 79.9
19:08:38 80.2
19:08:39 80.6
19:08:40 80.2
19:08:41 80.3
19:08:42 79.1
19:08:43 79.7
19:08:44 80.0
19:08:45 80.2
19:08:46 79.7
19:08:47 79.6
19:08:48 79.6
19:08:49 80.0
19:08:50 79.9
19:08:51 80.3
19:08:52 79.6
19:08:53 80.3
19:08:54 79.9
19:08:55 79.6
19:08:57 80.2
19:08:58 79.4
19:08:59 79.4
19:09:00 79.4
19:09:01 79.1
19:09:02 79.1
19:09:03 79.0
19:09:04 79.1
19:09:05 78.5
19:09:06 79.7
19:09:07 79.1
19:09:08 78.2
