23:38:27 61.6
23:38:30 75.3
23:38:33 74.9
23:38:36 75.6
23:38:39 74.7
23:38:42 75.0
23:38:45 74.7
START
23:38:48 74.9
23:38:51 74.7
23:38:54 75.2
23:38:57 74.3
23:39:00 75.5
23:39:03 75.2
PERIOD=7
23:39:06 75.3
23:39:13 75.2
23:39:20 74.6
23:39:27 75.0
23:39:34 75.0
23:39:41 74.6
23:39:48 74.7
23:39:55 75.2
23:40:02 74.7
23:40:09 75.3
23:40:16 74.9
23:40:23 74.5
23:40:30 75.6
23:40:37 74.6
SCALE=C
23:40:44 23.7
23:40:51 23.8
23:40:58 23.5
23:41:05 23.9
23:41:12 24.1
23:41:19 23.7
23:41:26 23.7
SCALE=F
23:41:33 75.5
23:41:40 74.6
23:41:47 74.6
23:41:54 75.8
23:42:01 75.3
23:42:08 75.3
23:42:15 75.2
PERIOD=73
23:42:22 74.9
23:43:36 61.8
