20:11:20 62.5
20:11:23 76.3
20:11:26 76.2
20:11:29 76.1
20:11:32 76.2
20:11:35 75.9
20:11:38 75.3
START
20:11:41 75.6
20:11:44 76.5
20:11:47 75.8
20:11:50 76.1
20:11:53 75.0
20:11:56 75.5
PERIOD=7
20:11:59 75.3
20:12:06 75.9
20:12:13 76.3
20:12:20 75.2
20:12:27 76.3
20:12:34 76.2
20:12:41 75.9
20:12:48 76.3
20:12:55 75.5
20:13:02 75.5
20:13:09 75.6
20:13:16 75.6
20:13:23 75.8
20:13:30 76.3
SCALE=C
20:13:37 24.6
20:13:44 24.2
20:13:51 24.1
20:13:58 24.1
20:14:05 24.6
20:14:12 24.3
20:14:19 24.2
SCALE=F
20:14:26 75.8
20:14:33 75.8
20:14:40 76.1
20:14:47 75.8
20:14:54 75.6
20:15:01 75.3
20:15:08 76.1
PERIOD=73
20:15:15 75.6
20:16:28 62.6
20:17:41 61.9
STOP
STOP
SCALE=C
START
20:18:54 16.7
20:20:07 16.8
20:21:20 16.8
20:22:33 17.1
20:23:46 17.0
20:24:59 16.8
20:26:12 16.9
20:27:25 17.1
20:28:38 17.1
20:29:51 16.9
20:31:04 17.2
20:32:17 17.1
20:33:30 17.3
20:34:43 17.4
20:35:56 17.4
20:37:09 17.1
20:38:22 16.9
20:39:35 16.7
20:40:48 16.9
20:42:01 16.8
20:43:14 16.8
20:44:27 16.9
20:45:40 16.9
20:46:53 16.8
20:48:06 16.6
20:49:20 17.2
20:50:33 16.6
20:51:46 16.5
20:52:59 17.1
20:54:12 16.6
20:55:25 16.8
20:56:38 16.5
20:57:51 16.5
20:59:04 16.7
SCALE=C
21:00:17 16.8
21:01:30 16.8
21:02:43 16.5
21:03:56 16.7
21:05:09 16.9
21:06:22 16.6
START
21:07:35 16.7
21:08:48 16.8
21:10:01 16.8
21:11:14 16.5
21:12:27 16.6
21:13:40 16.7
SCALE=F
21:14:53 62.4
21:16:06 61.5
21:17:19 62.1
21:18:32 62.2
21:19:45 61.9
21:20:58 62.2
21:22:11 62.6
21:23:24 62.5
21:24:37 62.5
21:25:50 62.2
STOP
OFF